<?xml version="1.0" encoding="UTF-8"?>
<mule xmlns:doc="http://www.mulesoft.org/schema/mule/documentation"
	xmlns:spring="http://www.springframework.org/schema/beans"
	xmlns:mulexml="http://www.mulesoft.org/schema/mule/xml" xmlns="http://www.mulesoft.org/schema/mule/core"
	xmlns:xsi="http://www.w3.org/2001/XMLSchema-instance" xmlns:vm="http://www.mulesoft.org/schema/mule/vm"
	xsi:schemaLocation="http://www.mulesoft.org/schema/mule/xml http://www.mulesoft.org/schema/mule/xml/current/mule-xml.xsd
http://www.mulesoft.org/schema/mule/core http://www.mulesoft.org/schema/mule/core/current/mule.xsd
http://www.mulesoft.org/schema/mule/vm http://www.mulesoft.org/schema/mule/vm/current/mule-vm.xsd
http://www.springframework.org/schema/beans http://www.springframework.org/schema/beans/spring-beans-current.xsd">

	<flow name="Test-HTTPClient-Remote-WSDLFirst-Flow">
		<flow-ref name="HTTPClient-Remote-WSDLFirst-Endpoint"
			doc:name="Remote WSDL-First client" />
		<response>
			<mulexml:object-to-xml-transformer
				doc:name="Object to XML" />
		</response>
	</flow>

	<flow name="Test-HTTPClient-Remote-Consumer-Flow">
		<flow-ref name="HTTPClient-Remote-Consumer-Endpoint"
			doc:name="Consumer for remote service" />
		<response>
			<mulexml:dom-to-xml-transformer
				doc:name="DOM to XML" />
		</response>
	</flow>

</mule>
